<?xml version="1.0" encoding="UTF-8"?>
<!-- Generated by org.testng.reporters.JUnitReportReporter -->
<testsuite hostname="Legion-5" failures="0" tests="1" name="exampleSchema.ExampleSchema.APIExample" time="2.590" errors="0" timestamp="30 Aug 2021 01:47:06 GMT" skipped="0">
  <testcase classname="exampleSchema.ExampleSchema.APIExample" name="dashboard" time="2.590"/>
</testsuite> <!-- exampleSchema.ExampleSchema.APIExample -->
